<?xml version="1.0" encoding="UTF-8"?>
<!-- Generated by org.testng.reporters.JUnitXMLReporter -->
<testsuite ignored="0" hostname="PSL-3NL7R24" failures="0" tests="4" name="Test" time="15.456" errors="0" timestamp="2025-11-30T14:23:09 IST">
  <testcase classname="day8.CreateUserTest" name="createUser" time="14.3"/>
  <testcase classname="day8.GetUserTest" name="getUser" time="0.326"/>
  <testcase classname="day8.UpdateUserTest" name="updateUser" time="0.47"/>
  <testcase classname="day8.DeleteUserTest" name="deleteUser" time="0.314"/>
</testsuite> <!-- Test -->
