<?xml version="1.0" encoding="UTF-8"?>
<testng-results ignored="0" total="1" passed="1" failed="0" skipped="0">
  <reporter-output>
  </reporter-output>
  <suite started-at="2026-02-03T17:52:35 IST" name="Default suite" finished-at="2026-02-03T17:52:37 IST" duration-ms="1155">
    <groups>
    </groups>
    <test started-at="2026-02-03T17:52:35 IST" name="Default test" finished-at="2026-02-03T17:52:37 IST" duration-ms="1155">
      <class name="Mocking.SumValidation">
        <test-method signature="sumOfCourses()[pri:0, instance:Mocking.SumValidation@76505305]" started-at="2026-02-03T17:52:36 IST" name="sumOfCourses" finished-at="2026-02-03T17:52:37 IST" duration-ms="1110" status="PASS">
          <reporter-output>
          </reporter-output>
        </test-method> <!-- sumOfCourses -->
      </class> <!-- Mocking.SumValidation -->
    </test> <!-- Default test -->
  </suite> <!-- Default suite -->
</testng-results>
