<?xml version="1.0" encoding="UTF-8"?>
<!-- Generated by org.testng.reporters.JUnitReportReporter -->
<testsuite hostname="PSL-3NL7R24" failures="0" tests="3" name="day5.ParseComplexJsonResponse" time="1.360" errors="0" timestamp="2026-01-20T18:01:06 IST" skipped="0">
  <testcase classname="day5.ParseComplexJsonResponse" name="testUserDetailsValidation" time="1.218"/>
  <testcase classname="day5.ParseComplexJsonResponse" name="testRecentOrdersValidation" time="0.094"/>
  <testcase classname="day5.ParseComplexJsonResponse" name="testPreferencesAndMetadataValidation" time="0.048"/>
</testsuite> <!-- day5.ParseComplexJsonResponse -->
