<?xml version="1.0" encoding="UTF-8"?>
<!-- Generated by org.testng.reporters.JUnitReportReporter -->
<testsuite hostname="PSL-3NL7R24" failures="0" tests="3" name="day5.ParseComplexJsonResponseModern" time="1.224" errors="0" timestamp="2026-01-20T18:04:50 IST" skipped="0">
  <testcase classname="day5.ParseComplexJsonResponseModern" name="testUserDetailsValidation" time="1.083"/>
  <testcase classname="day5.ParseComplexJsonResponseModern" name="testRecentOrdersValidation" time="0.094"/>
  <testcase classname="day5.ParseComplexJsonResponseModern" name="testPreferencesAndMetadataValidation" time="0.047"/>
</testsuite> <!-- day5.ParseComplexJsonResponseModern -->
